Release 14.7 Map P.20131013 (nt)
Xilinx Mapping Report File for Design 'vga_leds'

Design Information
------------------
Command Line   : map -intstyle ise -p xc6slx9-tqg144-3 -w -logic_opt off -ol
high -t 1 -xt 0 -register_duplication off -r 4 -global_opt off -mt off -ir off
-pr off -lc off -power off -o vga_leds_map.ncd vga_leds.ngd vga_leds.pcf 
Target Device  : xc6slx9
Target Package : tqg144
Target Speed   : -3
Mapper Version : spartan6 -- $Revision: 1.55 $
Mapped Date    : Tue Nov 28 01:25:55 2017

Design Summary
--------------
Number of errors:      0
Number of warnings:    0
Slice Logic Utilization:
  Number of Slice Registers:                   677 out of  11,440    5%
    Number used as Flip Flops:                 674
    Number used as Latches:                      0
    Number used as Latch-thrus:                  0
    Number used as AND/OR logics:                3
  Number of Slice LUTs:                        905 out of   5,720   15%
    Number used as logic:                      771 out of   5,720   13%
      Number using O6 output only:             508
      Number using O5 output only:              19
      Number using O5 and O6:                  244
      Number used as ROM:                        0
    Number used as Memory:                     114 out of   1,440    7%
      Number used as Dual Port RAM:             64
        Number using O6 output only:             0
        Number using O5 output only:             0
        Number using O5 and O6:                 64
      Number used as Single Port RAM:            0
      Number used as Shift Register:            50
        Number using O6 output only:            19
        Number using O5 output only:             1
        Number using O5 and O6:                 30
    Number used exclusively as route-thrus:     20
      Number with same-slice register load:     18
      Number with same-slice carry load:         2
      Number with other load:                    0

Slice Logic Distribution:
  Number of occupied Slices:                   369 out of   1,430   25%
  Number of MUXCYs used:                       124 out of   2,860    4%
  Number of LUT Flip Flop pairs used:        1,079
    Number with an unused Flip Flop:           464 out of   1,079   43%
    Number with an unused LUT:                 174 out of   1,079   16%
    Number of fully used LUT-FF pairs:         441 out of   1,079   40%
    Number of unique control sets:              58
    Number of slice register sites lost
      to control set restrictions:             238 out of  11,440    2%

  A LUT Flip Flop pair for this architecture represents one LUT paired with
  one Flip Flop within a slice.  A control set is a unique combination of
  clock, reset, set, and enable signals for a registered element.
  The Slice Logic Distribution report is not meaningful if the design is
  over-mapped for a non-slice resource or if Placement fails.

IO Utilization:
  Number of bonded IOBs:                        17 out of     102   16%
    Number of LOCed IOBs:                       17 out of      17  100%
    IOB Flip Flops:                              1

Specific Feature Utilization:
  Number of RAMB16BWERs:                         4 out of      32   12%
  Number of RAMB8BWERs:                          0 out of      64    0%
  Number of BUFIO2/BUFIO2_2CLKs:                 1 out of      32    3%
    Number used as BUFIO2s:                      1
    Number used as BUFIO2_2CLKs:                 0
  Number of BUFIO2FB/BUFIO2FB_2CLKs:             1 out of      32    3%
    Number used as BUFIO2FBs:                    1
    Number used as BUFIO2FB_2CLKs:               0
  Number of BUFG/BUFGMUXs:                       4 out of      16   25%
    Number used as BUFGs:                        4
    Number used as BUFGMUX:                      0
  Number of DCM/DCM_CLKGENs:                     0 out of       4    0%
  Number of ILOGIC2/ISERDES2s:                   0 out of     200    0%
  Number of IODELAY2/IODRP2/IODRP2_MCBs:         0 out of     200    0%
  Number of OLOGIC2/OSERDES2s:                   1 out of     200    1%
    Number used as OLOGIC2s:                     1
    Number used as OSERDES2s:                    0
  Number of BSCANs:                              1 out of       4   25%
  Number of BUFHs:                               0 out of     128    0%
  Number of BUFPLLs:                             0 out of       8    0%
  Number of BUFPLL_MCBs:                         0 out of       4    0%
  Number of DSP48A1s:                            0 out of      16    0%
  Number of ICAPs:                               0 out of       1    0%
  Number of MCBs:                                0 out of       2    0%
  Number of PCILOGICSEs:                         0 out of       2    0%
  Number of PLL_ADVs:                            1 out of       2   50%
  Number of PMVs:                                0 out of       1    0%
  Number of STARTUPs:                            0 out of       1    0%
  Number of SUSPEND_SYNCs:                       0 out of       1    0%

Average Fanout of Non-Clock Nets:                3.35

Peak Memory Usage:  344 MB
Total REAL time to MAP completion:  15 secs 
Total CPU time to MAP completion:   15 secs 

Table of Contents
-----------------
Section 1 - Errors
Section 2 - Warnings
Section 3 - Informational
Section 4 - Removed Logic Summary
Section 5 - Removed Logic
Section 6 - IOB Properties
Section 7 - RPMs
Section 8 - Guide Report
Section 9 - Area Group and Partition Summary
Section 10 - Timing Report
Section 11 - Configuration String Information
Section 12 - Control Set Information
Section 13 - Utilization by Hierarchy

Section 1 - Errors
------------------

Section 2 - Warnings
--------------------

Section 3 - Informational
-------------------------
INFO:LIT:243 - Logical network LED<7> has no load.
INFO:LIT:395 - The above info message is repeated 60 more times for the
   following (max. 5 shown):
   LED<6>,
   LED<5>,
   LED<4>,
   LED<3>,
   LED<2>
   To see the details of these info messages, please use the -detail switch.
INFO:MapLib:562 - No environment variables are currently set.
INFO:MapLib:159 - Net Timing constraints on signal CLK50MHZ are pushed forward
   through input buffer.
INFO:LIT:244 - All of the single ended outputs in this design are using slew
   rate limited output drivers. The delay on speed critical single ended outputs
   can be dramatically reduced by designating them as fast outputs.
INFO:Pack:1716 - Initializing temperature to 85.000 Celsius. (default - Range:
   0.000 to 85.000 Celsius)
INFO:Pack:1720 - Initializing voltage to 1.140 Volts. (default - Range: 1.140 to
   1.260 Volts)
INFO:Map:215 - The Interim Design Summary has been generated in the MAP Report
   (.mrp).
INFO:Pack:1650 - Map created a placed design.

Section 4 - Removed Logic Summary
---------------------------------
 112 block(s) removed
  47 block(s) optimized away
 102 signal(s) removed

Section 5 - Removed Logic
-------------------------

The trimmed logic report below shows the logic removed from your design due to
sourceless or loadless signals, and VCC or ground connections.  If the removal
of a signal or symbol results in the subsequent removal of an additional signal
or symbol, the message explaining that second removal will be indented.  This
indentation will be repeated as a chain of related logic is removed.

To quickly locate the original cause for the removal of a chain of logic, look
above the place where that logic is listed in the trimming report, then locate
the lines that are least indented (begin at the leftmost edge).

Loadless block "cpu_inst/U0/Debug.mdm_0/BUFG_DRCK1" (CKBUF) removed.
Loadless block
"cpu_inst/U0/Debug.mdm_0/MDM_Core_I1/PLB_Interconnect.PLBv46_rdDBus_DFF[24].PLBv
46_rdBus_FDRE" (SFF) removed.
 The signal "cpu_inst/U0/Debug.mdm_0/MDM_Core_I1/rx_Data<0>" is loadless and has
been removed.
Loadless block
"cpu_inst/U0/Debug.mdm_0/MDM_Core_I1/PLB_Interconnect.PLBv46_rdDBus_DFF[25].PLBv
46_rdBus_FDRE" (SFF) removed.
 The signal "cpu_inst/U0/Debug.mdm_0/MDM_Core_I1/rx_Data<1>" is loadless and has
been removed.
Loadless block
"cpu_inst/U0/Debug.mdm_0/MDM_Core_I1/PLB_Interconnect.PLBv46_rdDBus_DFF[26].PLBv
46_rdBus_FDRE" (SFF) removed.
 The signal "cpu_inst/U0/Debug.mdm_0/MDM_Core_I1/rx_Data<2>" is loadless and has
been removed.
Loadless block
"cpu_inst/U0/Debug.mdm_0/MDM_Core_I1/PLB_Interconnect.PLBv46_rdDBus_DFF[27].PLBv
46_rdBus_FDRE" (SFF) removed.
 The signal "cpu_inst/U0/Debug.mdm_0/MDM_Core_I1/rx_Data<3>" is loadless and has
been removed.
Loadless block
"cpu_inst/U0/Debug.mdm_0/MDM_Core_I1/PLB_Interconnect.PLBv46_rdDBus_DFF[28].PLBv
46_rdBus_FDRE" (SFF) removed.
 The signal "cpu_inst/U0/Debug.mdm_0/MDM_Core_I1/rx_Data<4>" is loadless and has
been removed.
Loadless block
"cpu_inst/U0/Debug.mdm_0/MDM_Core_I1/PLB_Interconnect.PLBv46_rdDBus_DFF[29].PLBv
46_rdBus_FDRE" (SFF) removed.
 The signal "cpu_inst/U0/Debug.mdm_0/MDM_Core_I1/rx_Data<5>" is loadless and has
been removed.
Loadless block
"cpu_inst/U0/Debug.mdm_0/MDM_Core_I1/PLB_Interconnect.PLBv46_rdDBus_DFF[30].PLBv
46_rdBus_FDRE" (SFF) removed.
 The signal "cpu_inst/U0/Debug.mdm_0/MDM_Core_I1/rx_Data<6>" is loadless and has
been removed.
Loadless block
"cpu_inst/U0/Debug.mdm_0/MDM_Core_I1/PLB_Interconnect.PLBv46_rdDBus_DFF[31].PLBv
46_rdBus_FDRE" (SFF) removed.
 The signal "cpu_inst/U0/Debug.mdm_0/MDM_Core_I1/rx_Data<7>" is loadless and has
been removed.
Loadless block
"cpu_inst/U0/Debug.mdm_0/MDM_Core_I1/Use_UART.TX_Buffer_Empty_FDRE" (SFF)
removed.
Loadless block
"cpu_inst/U0/microblaze_I/MicroBlaze_Core_I/Area.Byte_Doublet_Handle_I/Using_FPG
A.FPGA_LUT6_Target_ADDR.LOW_ADDR_OUT_LUT6" (LUT6_2) removed.
 The signal
"cpu_inst/U0/microblaze_I/MicroBlaze_Core_I/Area.Byte_Doublet_Handle_I/low_addr_
i<1>" is loadless and has been removed.
 The signal
"cpu_inst/U0/microblaze_I/MicroBlaze_Core_I/Area.Byte_Doublet_Handle_I/low_addr_
i<0>" is loadless and has been removed.
The signal "cpu_inst/U0/iomodule_0/IOModule_Core_I1/GPO_I1/gpo_io_i<15>" is
sourceless and has been removed.
The signal "cpu_inst/U0/iomodule_0/IOModule_Core_I1/GPO_I1/gpo_io_i<14>" is
sourceless and has been removed.
The signal "cpu_inst/U0/iomodule_0/IOModule_Core_I1/GPO_I1/gpo_io_i<13>" is
sourceless and has been removed.
The signal "cpu_inst/U0/iomodule_0/IOModule_Core_I1/GPO_I1/gpo_io_i<12>" is
sourceless and has been removed.
The signal "cpu_inst/U0/iomodule_0/IOModule_Core_I1/GPO_I1/gpo_io_i<11>" is
sourceless and has been removed.
The signal "cpu_inst/U0/iomodule_0/IOModule_Core_I1/GPO_I1/gpo_io_i<10>" is
sourceless and has been removed.
The signal "cpu_inst/U0/iomodule_0/IOModule_Core_I1/GPO_I1/gpo_io_i<9>" is
sourceless and has been removed.
The signal "cpu_inst/U0/iomodule_0/IOModule_Core_I1/GPO_I1/gpo_io_i<8>" is
sourceless and has been removed.
The signal "cpu_inst/U0/iomodule_0/IOModule_Core_I1/GPO_I1/gpo_io_i<7>" is
sourceless and has been removed.
The signal "cpu_inst/U0/iomodule_0/IOModule_Core_I1/GPO_I1/gpo_io_i<6>" is
sourceless and has been removed.
The signal "cpu_inst/U0/iomodule_0/IOModule_Core_I1/GPO_I1/gpo_io_i<5>" is
sourceless and has been removed.
The signal "cpu_inst/U0/iomodule_0/IOModule_Core_I1/GPO_I1/gpo_io_i<4>" is
sourceless and has been removed.
The signal "cpu_inst/U0/iomodule_0/IOModule_Core_I1/GPO_I1/gpo_io_i<3>" is
sourceless and has been removed.
The signal "cpu_inst/U0/iomodule_0/IOModule_Core_I1/GPO_I1/gpo_io_i<2>" is
sourceless and has been removed.
The signal "cpu_inst/U0/iomodule_0/IOModule_Core_I1/GPO_I1/gpo_io_i<1>" is
sourceless and has been removed.
The signal "cpu_inst/U0/iomodule_0/IOModule_Core_I1/GPO_I1/gpo_io_i<0>" is
sourceless and has been removed.
The signal "cpu_inst/U0/iomodule_0/write_data<15>" is sourceless and has been
removed.
 Sourceless block
"cpu_inst/U0/iomodule_0/IOModule_Core_I1/GPO_I1/Mmux_gpo_io_i[31]_GND_4434_o_mux
_1_OUT71" (ROM) removed.
  The signal
"cpu_inst/U0/iomodule_0/IOModule_Core_I1/GPO_I1/gpo_io_i[31]_GND_4434_o_mux_1_OU
T<15>" is sourceless and has been removed.
   Sourceless block "cpu_inst/U0/iomodule_0/IOModule_Core_I1/GPO_I1/gpo_io_i_15"
(FF) removed.
The signal "cpu_inst/U0/iomodule_0/write_data<14>" is sourceless and has been
removed.
 Sourceless block
"cpu_inst/U0/iomodule_0/IOModule_Core_I1/GPO_I1/Mmux_gpo_io_i[31]_GND_4434_o_mux
_1_OUT61" (ROM) removed.
  The signal
"cpu_inst/U0/iomodule_0/IOModule_Core_I1/GPO_I1/gpo_io_i[31]_GND_4434_o_mux_1_OU
T<14>" is sourceless and has been removed.
   Sourceless block "cpu_inst/U0/iomodule_0/IOModule_Core_I1/GPO_I1/gpo_io_i_14"
(FF) removed.
The signal "cpu_inst/U0/iomodule_0/write_data<13>" is sourceless and has been
removed.
 Sourceless block
"cpu_inst/U0/iomodule_0/IOModule_Core_I1/GPO_I1/Mmux_gpo_io_i[31]_GND_4434_o_mux
_1_OUT51" (ROM) removed.
  The signal
"cpu_inst/U0/iomodule_0/IOModule_Core_I1/GPO_I1/gpo_io_i[31]_GND_4434_o_mux_1_OU
T<13>" is sourceless and has been removed.
   Sourceless block "cpu_inst/U0/iomodule_0/IOModule_Core_I1/GPO_I1/gpo_io_i_13"
(FF) removed.
The signal "cpu_inst/U0/iomodule_0/write_data<12>" is sourceless and has been
removed.
 Sourceless block
"cpu_inst/U0/iomodule_0/IOModule_Core_I1/GPO_I1/Mmux_gpo_io_i[31]_GND_4434_o_mux
_1_OUT41" (ROM) removed.
  The signal
"cpu_inst/U0/iomodule_0/IOModule_Core_I1/GPO_I1/gpo_io_i[31]_GND_4434_o_mux_1_OU
T<12>" is sourceless and has been removed.
   Sourceless block "cpu_inst/U0/iomodule_0/IOModule_Core_I1/GPO_I1/gpo_io_i_12"
(FF) removed.
The signal "cpu_inst/U0/iomodule_0/write_data<11>" is sourceless and has been
removed.
 Sourceless block
"cpu_inst/U0/iomodule_0/IOModule_Core_I1/GPO_I1/Mmux_gpo_io_i[31]_GND_4434_o_mux
_1_OUT33" (ROM) removed.
  The signal
"cpu_inst/U0/iomodule_0/IOModule_Core_I1/GPO_I1/gpo_io_i[31]_GND_4434_o_mux_1_OU
T<11>" is sourceless and has been removed.
   Sourceless block "cpu_inst/U0/iomodule_0/IOModule_Core_I1/GPO_I1/gpo_io_i_11"
(FF) removed.
The signal "cpu_inst/U0/iomodule_0/write_data<10>" is sourceless and has been
removed.
 Sourceless block
"cpu_inst/U0/iomodule_0/IOModule_Core_I1/GPO_I1/Mmux_gpo_io_i[31]_GND_4434_o_mux
_1_OUT210" (ROM) removed.
  The signal
"cpu_inst/U0/iomodule_0/IOModule_Core_I1/GPO_I1/gpo_io_i[31]_GND_4434_o_mux_1_OU
T<10>" is sourceless and has been removed.
   Sourceless block "cpu_inst/U0/iomodule_0/IOModule_Core_I1/GPO_I1/gpo_io_i_10"
(FF) removed.
The signal "cpu_inst/U0/iomodule_0/write_data<9>" is sourceless and has been
removed.
 Sourceless block
"cpu_inst/U0/iomodule_0/IOModule_Core_I1/GPO_I1/Mmux_gpo_io_i[31]_GND_4434_o_mux
_1_OUT321" (ROM) removed.
  The signal
"cpu_inst/U0/iomodule_0/IOModule_Core_I1/GPO_I1/gpo_io_i[31]_GND_4434_o_mux_1_OU
T<9>" is sourceless and has been removed.
   Sourceless block "cpu_inst/U0/iomodule_0/IOModule_Core_I1/GPO_I1/gpo_io_i_9"
(FF) removed.
The signal "cpu_inst/U0/iomodule_0/write_data<8>" is sourceless and has been
removed.
 Sourceless block
"cpu_inst/U0/iomodule_0/IOModule_Core_I1/GPO_I1/Mmux_gpo_io_i[31]_GND_4434_o_mux
_1_OUT311" (ROM) removed.
  The signal
"cpu_inst/U0/iomodule_0/IOModule_Core_I1/GPO_I1/gpo_io_i[31]_GND_4434_o_mux_1_OU
T<8>" is sourceless and has been removed.
   Sourceless block "cpu_inst/U0/iomodule_0/IOModule_Core_I1/GPO_I1/gpo_io_i_8"
(FF) removed.
The signal "cpu_inst/U0/iomodule_0/write_data<7>" is sourceless and has been
removed.
 Sourceless block
"cpu_inst/U0/iomodule_0/IOModule_Core_I1/GPO_I1/Mmux_gpo_io_i[31]_GND_4434_o_mux
_1_OUT301" (ROM) removed.
  The signal
"cpu_inst/U0/iomodule_0/IOModule_Core_I1/GPO_I1/gpo_io_i[31]_GND_4434_o_mux_1_OU
T<7>" is sourceless and has been removed.
   Sourceless block "cpu_inst/U0/iomodule_0/IOModule_Core_I1/GPO_I1/gpo_io_i_7"
(FF) removed.
The signal "cpu_inst/U0/iomodule_0/write_data<6>" is sourceless and has been
removed.
 Sourceless block
"cpu_inst/U0/iomodule_0/IOModule_Core_I1/GPO_I1/Mmux_gpo_io_i[31]_GND_4434_o_mux
_1_OUT291" (ROM) removed.
  The signal
"cpu_inst/U0/iomodule_0/IOModule_Core_I1/GPO_I1/gpo_io_i[31]_GND_4434_o_mux_1_OU
T<6>" is sourceless and has been removed.
   Sourceless block "cpu_inst/U0/iomodule_0/IOModule_Core_I1/GPO_I1/gpo_io_i_6"
(FF) removed.
The signal "cpu_inst/U0/iomodule_0/write_data<5>" is sourceless and has been
removed.
 Sourceless block
"cpu_inst/U0/iomodule_0/IOModule_Core_I1/GPO_I1/Mmux_gpo_io_i[31]_GND_4434_o_mux
_1_OUT281" (ROM) removed.
  The signal
"cpu_inst/U0/iomodule_0/IOModule_Core_I1/GPO_I1/gpo_io_i[31]_GND_4434_o_mux_1_OU
T<5>" is sourceless and has been removed.
   Sourceless block "cpu_inst/U0/iomodule_0/IOModule_Core_I1/GPO_I1/gpo_io_i_5"
(FF) removed.
The signal "cpu_inst/U0/iomodule_0/write_data<4>" is sourceless and has been
removed.
 Sourceless block
"cpu_inst/U0/iomodule_0/IOModule_Core_I1/GPO_I1/Mmux_gpo_io_i[31]_GND_4434_o_mux
_1_OUT271" (ROM) removed.
  The signal
"cpu_inst/U0/iomodule_0/IOModule_Core_I1/GPO_I1/gpo_io_i[31]_GND_4434_o_mux_1_OU
T<4>" is sourceless and has been removed.
   Sourceless block "cpu_inst/U0/iomodule_0/IOModule_Core_I1/GPO_I1/gpo_io_i_4"
(FF) removed.
The signal "cpu_inst/U0/iomodule_0/write_data<3>" is sourceless and has been
removed.
 Sourceless block
"cpu_inst/U0/iomodule_0/IOModule_Core_I1/GPO_I1/Mmux_gpo_io_i[31]_GND_4434_o_mux
_1_OUT261" (ROM) removed.
  The signal
"cpu_inst/U0/iomodule_0/IOModule_Core_I1/GPO_I1/gpo_io_i[31]_GND_4434_o_mux_1_OU
T<3>" is sourceless and has been removed.
   Sourceless block "cpu_inst/U0/iomodule_0/IOModule_Core_I1/GPO_I1/gpo_io_i_3"
(FF) removed.
The signal "cpu_inst/U0/iomodule_0/write_data<2>" is sourceless and has been
removed.
 Sourceless block
"cpu_inst/U0/iomodule_0/IOModule_Core_I1/GPO_I1/Mmux_gpo_io_i[31]_GND_4434_o_mux
_1_OUT231" (ROM) removed.
  The signal
"cpu_inst/U0/iomodule_0/IOModule_Core_I1/GPO_I1/gpo_io_i[31]_GND_4434_o_mux_1_OU
T<2>" is sourceless and has been removed.
   Sourceless block "cpu_inst/U0/iomodule_0/IOModule_Core_I1/GPO_I1/gpo_io_i_2"
(FF) removed.
The signal "cpu_inst/U0/iomodule_0/write_data<1>" is sourceless and has been
removed.
 Sourceless block
"cpu_inst/U0/iomodule_0/IOModule_Core_I1/GPO_I1/Mmux_gpo_io_i[31]_GND_4434_o_mux
_1_OUT121" (ROM) removed.
  The signal
"cpu_inst/U0/iomodule_0/IOModule_Core_I1/GPO_I1/gpo_io_i[31]_GND_4434_o_mux_1_OU
T<1>" is sourceless and has been removed.
   Sourceless block "cpu_inst/U0/iomodule_0/IOModule_Core_I1/GPO_I1/gpo_io_i_1"
(FF) removed.
The signal "cpu_inst/U0/iomodule_0/write_data<0>" is sourceless and has been
removed.
 Sourceless block
"cpu_inst/U0/iomodule_0/IOModule_Core_I1/GPO_I1/Mmux_gpo_io_i[31]_GND_4434_o_mux
_1_OUT110" (ROM) removed.
  The signal
"cpu_inst/U0/iomodule_0/IOModule_Core_I1/GPO_I1/gpo_io_i[31]_GND_4434_o_mux_1_OU
T<0>" is sourceless and has been removed.
   Sourceless block "cpu_inst/U0/iomodule_0/IOModule_Core_I1/GPO_I1/gpo_io_i_0"
(FF) removed.
The signal "cpu_inst/U0/iomodule_0/IOModule_Core_I1/intr_ctrl_I1/rst_cipr_rd" is
sourceless and has been removed.
The signal
"cpu_inst/U0/Debug.mdm_0/MDM_Core_I1/JTAG_CONTROL_I/Use_UART.fifo_Din<0>" is
sourceless and has been removed.
 Sourceless block
"cpu_inst/U0/Debug.mdm_0/MDM_Core_I1/JTAG_CONTROL_I/Use_UART.fifo_Din_1" (FF)
removed.
  The signal
"cpu_inst/U0/Debug.mdm_0/MDM_Core_I1/JTAG_CONTROL_I/Use_UART.fifo_Din<1>" is
sourceless and has been removed.
   Sourceless block
"cpu_inst/U0/Debug.mdm_0/MDM_Core_I1/JTAG_CONTROL_I/Use_UART.fifo_Din_2" (FF)
removed.
    The signal
"cpu_inst/U0/Debug.mdm_0/MDM_Core_I1/JTAG_CONTROL_I/Use_UART.fifo_Din<2>" is
sourceless and has been removed.
     Sourceless block
"cpu_inst/U0/Debug.mdm_0/MDM_Core_I1/JTAG_CONTROL_I/Use_UART.fifo_Din_3" (FF)
removed.
      The signal
"cpu_inst/U0/Debug.mdm_0/MDM_Core_I1/JTAG_CONTROL_I/Use_UART.fifo_Din<3>" is
sourceless and has been removed.
       Sourceless block
"cpu_inst/U0/Debug.mdm_0/MDM_Core_I1/JTAG_CONTROL_I/Use_UART.fifo_Din_4" (FF)
removed.
        The signal
"cpu_inst/U0/Debug.mdm_0/MDM_Core_I1/JTAG_CONTROL_I/Use_UART.fifo_Din<4>" is
sourceless and has been removed.
         Sourceless block
"cpu_inst/U0/Debug.mdm_0/MDM_Core_I1/JTAG_CONTROL_I/Use_UART.fifo_Din_5" (FF)
removed.
          The signal
"cpu_inst/U0/Debug.mdm_0/MDM_Core_I1/JTAG_CONTROL_I/Use_UART.fifo_Din<5>" is
sourceless and has been removed.
           Sourceless block
"cpu_inst/U0/Debug.mdm_0/MDM_Core_I1/JTAG_CONTROL_I/Use_UART.fifo_Din_6" (FF)
removed.
            The signal
"cpu_inst/U0/Debug.mdm_0/MDM_Core_I1/JTAG_CONTROL_I/Use_UART.fifo_Din<6>" is
sourceless and has been removed.
             Sourceless block
"cpu_inst/U0/Debug.mdm_0/MDM_Core_I1/JTAG_CONTROL_I/Use_UART.fifo_Din_7" (FF)
removed.
              The signal
"cpu_inst/U0/Debug.mdm_0/MDM_Core_I1/JTAG_CONTROL_I/Use_UART.fifo_Din<7>" is
sourceless and has been removed.
The signal "cpu_inst/U0/Debug.mdm_0/MDM_Core_I1/JTAG_CONTROL_I/set_Ext_BRK" is
sourceless and has been removed.
 Sourceless block
"cpu_inst/U0/Debug.mdm_0/MDM_Core_I1/JTAG_CONTROL_I/Use_UART.Ext_BRK_FDRSE_glue_
set" (ROM) removed.
  The signal
"cpu_inst/U0/Debug.mdm_0/MDM_Core_I1/JTAG_CONTROL_I/Use_UART.Ext_BRK_FDRSE_glue_
set" is sourceless and has been removed.
The signal
"cpu_inst/U0/Debug.mdm_0/MDM_Core_I1/JTAG_CONTROL_I/Use_UART.RX_FIFO_I/addr_cy<3
>" is sourceless and has been removed.
 Sourceless block
"cpu_inst/U0/Debug.mdm_0/MDM_Core_I1/JTAG_CONTROL_I/Use_UART.RX_FIFO_I/Addr_Coun
ters[3].XORCY_I" (XOR) removed.
  The signal
"cpu_inst/U0/Debug.mdm_0/MDM_Core_I1/JTAG_CONTROL_I/Use_UART.RX_FIFO_I/sum_A<3>"
is sourceless and has been removed.
The signal
"cpu_inst/U0/Debug.mdm_0/MDM_Core_I1/JTAG_CONTROL_I/Use_UART.RX_FIFO_I/Addr_Coun
ters[3].XORCY_I_rt" is sourceless and has been removed.
The signal
"cpu_inst/U0/Debug.mdm_0/MDM_Core_I1/JTAG_CONTROL_I/Use_UART.RX_FIFO_I/addr_cy<2
>" is sourceless and has been removed.
 Sourceless block
"cpu_inst/U0/Debug.mdm_0/MDM_Core_I1/JTAG_CONTROL_I/Use_UART.RX_FIFO_I/Addr_Coun
ters[2].XORCY_I" (XOR) removed.
  The signal
"cpu_inst/U0/Debug.mdm_0/MDM_Core_I1/JTAG_CONTROL_I/Use_UART.RX_FIFO_I/sum_A<2>"
is sourceless and has been removed.
 Sourceless block
"cpu_inst/U0/Debug.mdm_0/MDM_Core_I1/JTAG_CONTROL_I/Use_UART.RX_FIFO_I/Addr_Coun
ters[2].Used_MuxCY.MUXCY_L_I" (MUX) removed.
  The signal
"cpu_inst/U0/Debug.mdm_0/MDM_Core_I1/JTAG_CONTROL_I/Use_UART.RX_FIFO_I/Addr_Coun
ters[2].Used_MuxCY.MUXCY_L_I/O" is sourceless and has been removed.
   Sourceless block
"cpu_inst/U0/Debug.mdm_0/MDM_Core_I1/JTAG_CONTROL_I/Use_UART.RX_FIFO_I/Addr_Coun
ters[2].Used_MuxCY.MUXCY_L_I/MUXCY_L_BUF" (BUF) removed.
The signal
"cpu_inst/U0/Debug.mdm_0/MDM_Core_I1/JTAG_CONTROL_I/Use_UART.RX_FIFO_I/Addr_Coun
ters[2].Used_MuxCY.MUXCY_L_I_rt" is sourceless and has been removed.
The signal
"cpu_inst/U0/Debug.mdm_0/MDM_Core_I1/JTAG_CONTROL_I/Use_UART.RX_FIFO_I/addr_cy<1
>" is sourceless and has been removed.
 Sourceless block
"cpu_inst/U0/Debug.mdm_0/MDM_Core_I1/JTAG_CONTROL_I/Use_UART.RX_FIFO_I/Addr_Coun
ters[1].XORCY_I" (XOR) removed.
  The signal
"cpu_inst/U0/Debug.mdm_0/MDM_Core_I1/JTAG_CONTROL_I/Use_UART.RX_FIFO_I/sum_A<1>"
is sourceless and has been removed.
 Sourceless block
"cpu_inst/U0/Debug.mdm_0/MDM_Core_I1/JTAG_CONTROL_I/Use_UART.RX_FIFO_I/Addr_Coun
ters[1].Used_MuxCY.MUXCY_L_I" (MUX) removed.
  The signal
"cpu_inst/U0/Debug.mdm_0/MDM_Core_I1/JTAG_CONTROL_I/Use_UART.RX_FIFO_I/Addr_Coun
ters[1].Used_MuxCY.MUXCY_L_I/O" is sourceless and has been removed.
   Sourceless block
"cpu_inst/U0/Debug.mdm_0/MDM_Core_I1/JTAG_CONTROL_I/Use_UART.RX_FIFO_I/Addr_Coun
ters[1].Used_MuxCY.MUXCY_L_I/MUXCY_L_BUF" (BUF) removed.
The signal
"cpu_inst/U0/Debug.mdm_0/MDM_Core_I1/JTAG_CONTROL_I/Use_UART.RX_FIFO_I/Addr_Coun
ters[1].Used_MuxCY.MUXCY_L_I_rt" is sourceless and has been removed.
The signal
"cpu_inst/U0/Debug.mdm_0/MDM_Core_I1/JTAG_CONTROL_I/Use_UART.RX_FIFO_I/Addr_Coun
ters[0].Used_MuxCY.MUXCY_L_I_rt" is sourceless and has been removed.
 Sourceless block
"cpu_inst/U0/Debug.mdm_0/MDM_Core_I1/JTAG_CONTROL_I/Use_UART.RX_FIFO_I/Addr_Coun
ters[0].XORCY_I" (XOR) removed.
  The signal
"cpu_inst/U0/Debug.mdm_0/MDM_Core_I1/JTAG_CONTROL_I/Use_UART.RX_FIFO_I/sum_A<0>"
is sourceless and has been removed.
 Sourceless block
"cpu_inst/U0/Debug.mdm_0/MDM_Core_I1/JTAG_CONTROL_I/Use_UART.RX_FIFO_I/Addr_Coun
ters[0].Used_MuxCY.MUXCY_L_I" (MUX) removed.
  The signal
"cpu_inst/U0/Debug.mdm_0/MDM_Core_I1/JTAG_CONTROL_I/Use_UART.RX_FIFO_I/Addr_Coun
ters[0].Used_MuxCY.MUXCY_L_I/O" is sourceless and has been removed.
   Sourceless block
"cpu_inst/U0/Debug.mdm_0/MDM_Core_I1/JTAG_CONTROL_I/Use_UART.RX_FIFO_I/Addr_Coun
ters[0].Used_MuxCY.MUXCY_L_I/MUXCY_L_BUF" (BUF) removed.
The signal
"cpu_inst/U0/Debug.mdm_0/MDM_Core_I1/JTAG_CONTROL_I/Use_UART.TX_FIFO_I/addr_cy<3
>" is sourceless and has been removed.
 Sourceless block
"cpu_inst/U0/Debug.mdm_0/MDM_Core_I1/JTAG_CONTROL_I/Use_UART.TX_FIFO_I/Addr_Coun
ters[3].XORCY_I" (XOR) removed.
  The signal
"cpu_inst/U0/Debug.mdm_0/MDM_Core_I1/JTAG_CONTROL_I/Use_UART.TX_FIFO_I/sum_A<3>"
is sourceless and has been removed.
The signal
"cpu_inst/U0/Debug.mdm_0/MDM_Core_I1/JTAG_CONTROL_I/Use_UART.TX_FIFO_I/Addr_Coun
ters[3].XORCY_I_rt" is sourceless and has been removed.
The signal
"cpu_inst/U0/Debug.mdm_0/MDM_Core_I1/JTAG_CONTROL_I/Use_UART.TX_FIFO_I/addr_cy<2
>" is sourceless and has been removed.
 Sourceless block
"cpu_inst/U0/Debug.mdm_0/MDM_Core_I1/JTAG_CONTROL_I/Use_UART.TX_FIFO_I/Addr_Coun
ters[2].XORCY_I" (XOR) removed.
  The signal
"cpu_inst/U0/Debug.mdm_0/MDM_Core_I1/JTAG_CONTROL_I/Use_UART.TX_FIFO_I/sum_A<2>"
is sourceless and has been removed.
 Sourceless block
"cpu_inst/U0/Debug.mdm_0/MDM_Core_I1/JTAG_CONTROL_I/Use_UART.TX_FIFO_I/Addr_Coun
ters[2].Used_MuxCY.MUXCY_L_I" (MUX) removed.
  The signal
"cpu_inst/U0/Debug.mdm_0/MDM_Core_I1/JTAG_CONTROL_I/Use_UART.TX_FIFO_I/Addr_Coun
ters[2].Used_MuxCY.MUXCY_L_I/O" is sourceless and has been removed.
   Sourceless block
"cpu_inst/U0/Debug.mdm_0/MDM_Core_I1/JTAG_CONTROL_I/Use_UART.TX_FIFO_I/Addr_Coun
ters[2].Used_MuxCY.MUXCY_L_I/MUXCY_L_BUF" (BUF) removed.
The signal
"cpu_inst/U0/Debug.mdm_0/MDM_Core_I1/JTAG_CONTROL_I/Use_UART.TX_FIFO_I/Addr_Coun
ters[2].Used_MuxCY.MUXCY_L_I_rt" is sourceless and has been removed.
The signal
"cpu_inst/U0/Debug.mdm_0/MDM_Core_I1/JTAG_CONTROL_I/Use_UART.TX_FIFO_I/addr_cy<1
>" is sourceless and has been removed.
 Sourceless block
"cpu_inst/U0/Debug.mdm_0/MDM_Core_I1/JTAG_CONTROL_I/Use_UART.TX_FIFO_I/Addr_Coun
ters[1].XORCY_I" (XOR) removed.
  The signal
"cpu_inst/U0/Debug.mdm_0/MDM_Core_I1/JTAG_CONTROL_I/Use_UART.TX_FIFO_I/sum_A<1>"
is sourceless and has been removed.
 Sourceless block
"cpu_inst/U0/Debug.mdm_0/MDM_Core_I1/JTAG_CONTROL_I/Use_UART.TX_FIFO_I/Addr_Coun
ters[1].Used_MuxCY.MUXCY_L_I" (MUX) removed.
  The signal
"cpu_inst/U0/Debug.mdm_0/MDM_Core_I1/JTAG_CONTROL_I/Use_UART.TX_FIFO_I/Addr_Coun
ters[1].Used_MuxCY.MUXCY_L_I/O" is sourceless and has been removed.
   Sourceless block
"cpu_inst/U0/Debug.mdm_0/MDM_Core_I1/JTAG_CONTROL_I/Use_UART.TX_FIFO_I/Addr_Coun
ters[1].Used_MuxCY.MUXCY_L_I/MUXCY_L_BUF" (BUF) removed.
The signal
"cpu_inst/U0/Debug.mdm_0/MDM_Core_I1/JTAG_CONTROL_I/Use_UART.TX_FIFO_I/Addr_Coun
ters[1].Used_MuxCY.MUXCY_L_I_rt" is sourceless and has been removed.
The signal
"cpu_inst/U0/Debug.mdm_0/MDM_Core_I1/JTAG_CONTROL_I/Use_UART.TX_FIFO_I/Addr_Coun
ters[0].Used_MuxCY.MUXCY_L_I_rt" is sourceless and has been removed.
 Sourceless block
"cpu_inst/U0/Debug.mdm_0/MDM_Core_I1/JTAG_CONTROL_I/Use_UART.TX_FIFO_I/Addr_Coun
ters[0].XORCY_I" (XOR) removed.
  The signal
"cpu_inst/U0/Debug.mdm_0/MDM_Core_I1/JTAG_CONTROL_I/Use_UART.TX_FIFO_I/sum_A<0>"
is sourceless and has been removed.
 Sourceless block
"cpu_inst/U0/Debug.mdm_0/MDM_Core_I1/JTAG_CONTROL_I/Use_UART.TX_FIFO_I/Addr_Coun
ters[0].Used_MuxCY.MUXCY_L_I" (MUX) removed.
  The signal
"cpu_inst/U0/Debug.mdm_0/MDM_Core_I1/JTAG_CONTROL_I/Use_UART.TX_FIFO_I/Addr_Coun
ters[0].Used_MuxCY.MUXCY_L_I/O" is sourceless and has been removed.
   Sourceless block
"cpu_inst/U0/Debug.mdm_0/MDM_Core_I1/JTAG_CONTROL_I/Use_UART.TX_FIFO_I/Addr_Coun
ters[0].Used_MuxCY.MUXCY_L_I/MUXCY_L_BUF" (BUF) removed.
The signal "cpu_inst/U0/iomodule_0/uart_tx_write" is sourceless and has been
removed.
The signal
"cpu_inst/U0/microblaze_I/MicroBlaze_Core_I/Area.Data_Flow_I/PC_Module_I/Using_F
PGA.Not_All_Bits.PC_GEN[19].PC_Bit_I/MUXCY_X/O" is sourceless and has been
removed.
 Sourceless block
"cpu_inst/U0/microblaze_I/MicroBlaze_Core_I/Area.Data_Flow_I/PC_Module_I/Using_F
PGA.Not_All_Bits.PC_GEN[19].PC_Bit_I/MUXCY_X/MUXCY_L_BUF" (BUF) removed.
  The signal
"cpu_inst/U0/microblaze_I/MicroBlaze_Core_I/Area.Data_Flow_I/PC_Module_I/Using_F
PGA.Not_All_Bits.PC_GEN[19].PC_Bit_I/MUXCY_X/LO" is sourceless and has been
removed.
The signal
"cpu_inst/U0/microblaze_I/MicroBlaze_Core_I/Area.Decode_I/PreFetch_Buffer_I/Usin
g_FPGA.Buffer_DFFs[1].buffer_Addr_MUXCY_L/O" is sourceless and has been removed.
 Sourceless block
"cpu_inst/U0/microblaze_I/MicroBlaze_Core_I/Area.Decode_I/PreFetch_Buffer_I/Usin
g_FPGA.Buffer_DFFs[1].buffer_Addr_MUXCY_L/MUXCY_L_BUF" (BUF) removed.
  The signal
"cpu_inst/U0/microblaze_I/MicroBlaze_Core_I/Area.Decode_I/PreFetch_Buffer_I/Usin
g_FPGA.Buffer_DFFs[1].buffer_Addr_MUXCY_L/LO" is sourceless and has been
removed.
Unused block
"cpu_inst/U0/Debug.mdm_0/MDM_Core_I1/JTAG_CONTROL_I/Use_UART.RX_FIFO_I/Addr_Coun
ters[0].Used_MuxCY.MUXCY_L_I_rt" (ROM) removed.
Unused block
"cpu_inst/U0/Debug.mdm_0/MDM_Core_I1/JTAG_CONTROL_I/Use_UART.RX_FIFO_I/Addr_Coun
ters[1].Used_MuxCY.MUXCY_L_I_rt" (ROM) removed.
Unused block
"cpu_inst/U0/Debug.mdm_0/MDM_Core_I1/JTAG_CONTROL_I/Use_UART.RX_FIFO_I/Addr_Coun
ters[2].Used_MuxCY.MUXCY_L_I_rt" (ROM) removed.
Unused block
"cpu_inst/U0/Debug.mdm_0/MDM_Core_I1/JTAG_CONTROL_I/Use_UART.RX_FIFO_I/Addr_Coun
ters[3].XORCY_I_rt" (ROM) removed.
Unused block
"cpu_inst/U0/Debug.mdm_0/MDM_Core_I1/JTAG_CONTROL_I/Use_UART.RX_FIFO_I/FIFO_RAM[
0].SRL16E_I" (SRL16E) removed.
Unused block
"cpu_inst/U0/Debug.mdm_0/MDM_Core_I1/JTAG_CONTROL_I/Use_UART.RX_FIFO_I/FIFO_RAM[
1].SRL16E_I" (SRL16E) removed.
Unused block
"cpu_inst/U0/Debug.mdm_0/MDM_Core_I1/JTAG_CONTROL_I/Use_UART.RX_FIFO_I/FIFO_RAM[
2].SRL16E_I" (SRL16E) removed.
Unused block
"cpu_inst/U0/Debug.mdm_0/MDM_Core_I1/JTAG_CONTROL_I/Use_UART.RX_FIFO_I/FIFO_RAM[
3].SRL16E_I" (SRL16E) removed.
Unused block
"cpu_inst/U0/Debug.mdm_0/MDM_Core_I1/JTAG_CONTROL_I/Use_UART.RX_FIFO_I/FIFO_RAM[
4].SRL16E_I" (SRL16E) removed.
Unused block
"cpu_inst/U0/Debug.mdm_0/MDM_Core_I1/JTAG_CONTROL_I/Use_UART.RX_FIFO_I/FIFO_RAM[
5].SRL16E_I" (SRL16E) removed.
Unused block
"cpu_inst/U0/Debug.mdm_0/MDM_Core_I1/JTAG_CONTROL_I/Use_UART.RX_FIFO_I/FIFO_RAM[
6].SRL16E_I" (SRL16E) removed.
Unused block
"cpu_inst/U0/Debug.mdm_0/MDM_Core_I1/JTAG_CONTROL_I/Use_UART.RX_FIFO_I/FIFO_RAM[
7].SRL16E_I" (SRL16E) removed.
Unused block
"cpu_inst/U0/Debug.mdm_0/MDM_Core_I1/JTAG_CONTROL_I/Use_UART.TX_FIFO_I/Addr_Coun
ters[0].Used_MuxCY.MUXCY_L_I_rt" (ROM) removed.
Unused block
"cpu_inst/U0/Debug.mdm_0/MDM_Core_I1/JTAG_CONTROL_I/Use_UART.TX_FIFO_I/Addr_Coun
ters[1].Used_MuxCY.MUXCY_L_I_rt" (ROM) removed.
Unused block
"cpu_inst/U0/Debug.mdm_0/MDM_Core_I1/JTAG_CONTROL_I/Use_UART.TX_FIFO_I/Addr_Coun
ters[2].Used_MuxCY.MUXCY_L_I_rt" (ROM) removed.
Unused block
"cpu_inst/U0/Debug.mdm_0/MDM_Core_I1/JTAG_CONTROL_I/Use_UART.TX_FIFO_I/Addr_Coun
ters[3].XORCY_I_rt" (ROM) removed.
Unused block
"cpu_inst/U0/Debug.mdm_0/MDM_Core_I1/JTAG_CONTROL_I/Use_UART.fifo_Din_0" (FF)
removed.
Unused block "cpu_inst/U0/Debug.mdm_0/MDM_Core_I1/JTAG_CONTROL_I/set_Ext_BRK"
(FF) removed.
Unused block "cpu_inst/U0/iomodule_0/IOModule_Core_I1/intr_ctrl_I1/rst_cipr_rd1"
(ROM) removed.
Unused block "cpu_inst/U0/iomodule_0/Mmux_uart_tx_write11" (ROM) removed.
Unused block "cpu_inst/U0/iomodule_0/write_data_0" (FF) removed.
Unused block "cpu_inst/U0/iomodule_0/write_data_1" (FF) removed.
Unused block "cpu_inst/U0/iomodule_0/write_data_10" (FF) removed.
Unused block "cpu_inst/U0/iomodule_0/write_data_11" (FF) removed.
Unused block "cpu_inst/U0/iomodule_0/write_data_12" (FF) removed.
Unused block "cpu_inst/U0/iomodule_0/write_data_13" (FF) removed.
Unused block "cpu_inst/U0/iomodule_0/write_data_14" (FF) removed.
Unused block "cpu_inst/U0/iomodule_0/write_data_15" (FF) removed.
Unused block "cpu_inst/U0/iomodule_0/write_data_2" (FF) removed.
Unused block "cpu_inst/U0/iomodule_0/write_data_3" (FF) removed.
Unused block "cpu_inst/U0/iomodule_0/write_data_4" (FF) removed.
Unused block "cpu_inst/U0/iomodule_0/write_data_5" (FF) removed.
Unused block "cpu_inst/U0/iomodule_0/write_data_6" (FF) removed.
Unused block "cpu_inst/U0/iomodule_0/write_data_7" (FF) removed.
Unused block "cpu_inst/U0/iomodule_0/write_data_8" (FF) removed.
Unused block "cpu_inst/U0/iomodule_0/write_data_9" (FF) removed.
Unused block
"cpu_inst/U0/microblaze_I/MicroBlaze_Core_I/Area.Byte_Doublet_Handle_I/Using_FPG
A.FPGA_LUT6_Target.low_addr_i_INST" (LUT6_2) removed.
Unused block
"cpu_inst/U0/microblaze_I/MicroBlaze_Core_I/Area.Data_Flow_I/PC_Module_I/Using_F
PGA.Not_All_Bits.PC_GEN[19].PC_Bit_I/MUXCY_X" (MUX) removed.
Unused block
"cpu_inst/U0/microblaze_I/MicroBlaze_Core_I/Area.Decode_I/PreFetch_Buffer_I/Usin
g_FPGA.Buffer_DFFs[1].buffer_Addr_MUXCY_L" (MUX) removed.

Optimized Block(s):
TYPE 		BLOCK
GND 		XST_GND
LUT3
		cpu_inst/U0/Debug.mdm_0/MDM_Core_I1/JTAG_CONTROL_I/Mmux_Use_UART.tdo_reg[0]_Us
e_UART.fifo_DOut[0]_mux_28_OUT2_SW0
   optimized to 0
LUT3
		cpu_inst/U0/Debug.mdm_0/MDM_Core_I1/JTAG_CONTROL_I/Mmux_Use_UART.tdo_reg[0]_Us
e_UART.fifo_DOut[0]_mux_28_OUT4_SW0
   optimized to 0
FD 		cpu_inst/U0/Debug.mdm_0/MDM_Core_I1/JTAG_CONTROL_I/Use_UART.Ext_BRK_FDRSE
   optimized to 0
FDRE
		cpu_inst/U0/Debug.mdm_0/MDM_Core_I1/JTAG_CONTROL_I/Use_UART.RX_FIFO_I/Addr_Cou
nters[0].FDRE_I
   optimized to 0
FDRE
		cpu_inst/U0/Debug.mdm_0/MDM_Core_I1/JTAG_CONTROL_I/Use_UART.RX_FIFO_I/Addr_Cou
nters[1].FDRE_I
   optimized to 0
FDRE
		cpu_inst/U0/Debug.mdm_0/MDM_Core_I1/JTAG_CONTROL_I/Use_UART.RX_FIFO_I/Addr_Cou
nters[2].FDRE_I
   optimized to 0
FDRE
		cpu_inst/U0/Debug.mdm_0/MDM_Core_I1/JTAG_CONTROL_I/Use_UART.RX_FIFO_I/Addr_Cou
nters[3].FDRE_I
   optimized to 0
FDRE
		cpu_inst/U0/Debug.mdm_0/MDM_Core_I1/JTAG_CONTROL_I/Use_UART.TX_FIFO_I/Addr_Cou
nters[0].FDRE_I
   optimized to 0
FDRE
		cpu_inst/U0/Debug.mdm_0/MDM_Core_I1/JTAG_CONTROL_I/Use_UART.TX_FIFO_I/Addr_Cou
nters[1].FDRE_I
   optimized to 0
FDRE
		cpu_inst/U0/Debug.mdm_0/MDM_Core_I1/JTAG_CONTROL_I/Use_UART.TX_FIFO_I/Addr_Cou
nters[2].FDRE_I
   optimized to 0
FDRE
		cpu_inst/U0/Debug.mdm_0/MDM_Core_I1/JTAG_CONTROL_I/Use_UART.TX_FIFO_I/Addr_Cou
nters[3].FDRE_I
   optimized to 0
FDR
		cpu_inst/U0/iomodule_0/IOModule_Core_I1/intr_ctrl_I1/cipr_rd_dff_all[0].fdr_i
   optimized to 0
FDR
		cpu_inst/U0/iomodule_0/IOModule_Core_I1/intr_ctrl_I1/cipr_rd_dff_all[10].fdr_i
   optimized to 0
FDR
		cpu_inst/U0/iomodule_0/IOModule_Core_I1/intr_ctrl_I1/cipr_rd_dff_all[11].fdr_i
   optimized to 0
FDR
		cpu_inst/U0/iomodule_0/IOModule_Core_I1/intr_ctrl_I1/cipr_rd_dff_all[12].fdr_i
   optimized to 0
FDR
		cpu_inst/U0/iomodule_0/IOModule_Core_I1/intr_ctrl_I1/cipr_rd_dff_all[13].fdr_i
   optimized to 0
FDR
		cpu_inst/U0/iomodule_0/IOModule_Core_I1/intr_ctrl_I1/cipr_rd_dff_all[14].fdr_i
   optimized to 0
FDR
		cpu_inst/U0/iomodule_0/IOModule_Core_I1/intr_ctrl_I1/cipr_rd_dff_all[15].fdr_i
   optimized to 0
FDR
		cpu_inst/U0/iomodule_0/IOModule_Core_I1/intr_ctrl_I1/cipr_rd_dff_all[16].fdr_i
   optimized to 0
FDR
		cpu_inst/U0/iomodule_0/IOModule_Core_I1/intr_ctrl_I1/cipr_rd_dff_all[17].fdr_i
   optimized to 0
FDR
		cpu_inst/U0/iomodule_0/IOModule_Core_I1/intr_ctrl_I1/cipr_rd_dff_all[18].fdr_i
   optimized to 0
FDR
		cpu_inst/U0/iomodule_0/IOModule_Core_I1/intr_ctrl_I1/cipr_rd_dff_all[19].fdr_i
   optimized to 0
FDR
		cpu_inst/U0/iomodule_0/IOModule_Core_I1/intr_ctrl_I1/cipr_rd_dff_all[1].fdr_i
   optimized to 0
FDR
		cpu_inst/U0/iomodule_0/IOModule_Core_I1/intr_ctrl_I1/cipr_rd_dff_all[20].fdr_i
   optimized to 0
FDR
		cpu_inst/U0/iomodule_0/IOModule_Core_I1/intr_ctrl_I1/cipr_rd_dff_all[21].fdr_i
   optimized to 0
FDR
		cpu_inst/U0/iomodule_0/IOModule_Core_I1/intr_ctrl_I1/cipr_rd_dff_all[22].fdr_i
   optimized to 0
FDR
		cpu_inst/U0/iomodule_0/IOModule_Core_I1/intr_ctrl_I1/cipr_rd_dff_all[23].fdr_i
   optimized to 0
FDR
		cpu_inst/U0/iomodule_0/IOModule_Core_I1/intr_ctrl_I1/cipr_rd_dff_all[24].fdr_i
   optimized to 0
FDR
		cpu_inst/U0/iomodule_0/IOModule_Core_I1/intr_ctrl_I1/cipr_rd_dff_all[25].fdr_i
   optimized to 0
FDR
		cpu_inst/U0/iomodule_0/IOModule_Core_I1/intr_ctrl_I1/cipr_rd_dff_all[26].fdr_i
   optimized to 0
FDR
		cpu_inst/U0/iomodule_0/IOModule_Core_I1/intr_ctrl_I1/cipr_rd_dff_all[27].fdr_i
   optimized to 0
FDR
		cpu_inst/U0/iomodule_0/IOModule_Core_I1/intr_ctrl_I1/cipr_rd_dff_all[28].fdr_i
   optimized to 0
FDR
		cpu_inst/U0/iomodule_0/IOModule_Core_I1/intr_ctrl_I1/cipr_rd_dff_all[29].fdr_i
   optimized to 0
FDR
		cpu_inst/U0/iomodule_0/IOModule_Core_I1/intr_ctrl_I1/cipr_rd_dff_all[2].fdr_i
   optimized to 0
FDR
		cpu_inst/U0/iomodule_0/IOModule_Core_I1/intr_ctrl_I1/cipr_rd_dff_all[30].fdr_i
   optimized to 0
FDR
		cpu_inst/U0/iomodule_0/IOModule_Core_I1/intr_ctrl_I1/cipr_rd_dff_all[31].fdr_i
   optimized to 0
FDR
		cpu_inst/U0/iomodule_0/IOModule_Core_I1/intr_ctrl_I1/cipr_rd_dff_all[3].fdr_i
   optimized to 0
FDR
		cpu_inst/U0/iomodule_0/IOModule_Core_I1/intr_ctrl_I1/cipr_rd_dff_all[4].fdr_i
   optimized to 0
FDR
		cpu_inst/U0/iomodule_0/IOModule_Core_I1/intr_ctrl_I1/cipr_rd_dff_all[5].fdr_i
   optimized to 0
FDR
		cpu_inst/U0/iomodule_0/IOModule_Core_I1/intr_ctrl_I1/cipr_rd_dff_all[6].fdr_i
   optimized to 0
FDR
		cpu_inst/U0/iomodule_0/IOModule_Core_I1/intr_ctrl_I1/cipr_rd_dff_all[7].fdr_i
   optimized to 0
FDR
		cpu_inst/U0/iomodule_0/IOModule_Core_I1/intr_ctrl_I1/cipr_rd_dff_all[8].fdr_i
   optimized to 0
FDR
		cpu_inst/U0/iomodule_0/IOModule_Core_I1/intr_ctrl_I1/cipr_rd_dff_all[9].fdr_i
   optimized to 0
LUT3
		cpu_inst/U0/microblaze_I/MicroBlaze_Core_I/Area.Data_Flow_I/ALU_I/FPGA_Target.
No_Carry_Decoding.alu_carry_select_LUT
   optimized to 0
GND 		cpu_inst/XST_GND
VCC 		cpu_inst/XST_VCC

To enable printing of redundant blocks removed and signals merged, set the
detailed map report option and rerun map.

Section 6 - IOB Properties
--------------------------

+---------------------------------------------------------------------------------------------------------------------------------------------------------+
| IOB Name                           | Type             | Direction | IO Standard          | Diff  | Drive    | Slew | Reg (s)      | Resistor | IOB      |
|                                    |                  |           |                      | Term  | Strength | Rate |              |          | Delay    |
+---------------------------------------------------------------------------------------------------------------------------------------------------------+
| CLK50MHZ                           | IOB              | INPUT     | LVCMOS25             |       |          |      |              |          |          |
| KEY0                               | IOB              | INPUT     | LVCMOS25             |       |          |      |              |          |          |
| KEY1                               | IOB              | INPUT     | LVCMOS25             |       |          |      |              |          |          |
| b<0>                               | IOB              | OUTPUT    | LVCMOS25             |       | 12       | SLOW |              |          |          |
| b<1>                               | IOB              | OUTPUT    | LVCMOS25             |       | 12       | SLOW |              |          |          |
| b<2>                               | IOB              | OUTPUT    | LVCMOS25             |       | 12       | SLOW |              |          |          |
| b<3>                               | IOB              | OUTPUT    | LVCMOS25             |       | 12       | SLOW |              |          |          |
| g<0>                               | IOB              | OUTPUT    | LVCMOS25             |       | 12       | SLOW |              |          |          |
| g<1>                               | IOB              | OUTPUT    | LVCMOS25             |       | 12       | SLOW |              |          |          |
| g<2>                               | IOB              | OUTPUT    | LVCMOS25             |       | 12       | SLOW |              |          |          |
| g<3>                               | IOB              | OUTPUT    | LVCMOS25             |       | 12       | SLOW |              |          |          |
| hsync                              | IOB              | OUTPUT    | LVCMOS25             |       | 12       | SLOW |              |          |          |
| r<0>                               | IOB              | OUTPUT    | LVCMOS25             |       | 12       | SLOW |              |          |          |
| r<1>                               | IOB              | OUTPUT    | LVCMOS25             |       | 12       | SLOW |              |          |          |
| r<2>                               | IOB              | OUTPUT    | LVCMOS25             |       | 12       | SLOW |              |          |          |
| r<3>                               | IOB              | OUTPUT    | LVCMOS25             |       | 12       | SLOW |              |          |          |
| vsync                              | IOB              | OUTPUT    | LVCMOS25             |       | 12       | SLOW | OFF          |          |          |
+---------------------------------------------------------------------------------------------------------------------------------------------------------+

Section 7 - RPMs
----------------

Section 8 - Guide Report
------------------------
Guide not run on this design.

Section 9 - Area Group and Partition Summary
--------------------------------------------

Partition Implementation Status
-------------------------------

  No Partitions were found in this design.

-------------------------------

Area Group Information
----------------------

  No area groups were found in this design.

----------------------

Section 10 - Timing Report
--------------------------
A logic-level (pre-route) timing report can be generated by using Xilinx static
timing analysis tools, Timing Analyzer (GUI) or TRCE (command line), with the
mapped NCD and PCF files. Please note that this timing report will be generated
using estimated delay information. For accurate numbers, please generate a
timing report with the post Place and Route NCD file.

For more information about the Timing Analyzer, consult the Xilinx Timing
Analyzer Reference Manual; for more information about TRCE, consult the Xilinx
Command Line Tools User Guide "TRACE" chapter.

Section 11 - Configuration String Details
-----------------------------------------
Use the "-detail" map option to print out Configuration Strings

Section 12 - Control Set Information
------------------------------------
Use the "-detail" map option to print out Control Set Information.

Section 13 - Utilization by Hierarchy
-------------------------------------
Use the "-detail" map option to print out the Utilization by Hierarchy section.
